<?xml version="1.0" encoding="UTF-8"?>
<!-- Generated by org.testng.reporters.JUnitReportReporter -->
<testsuite hostname="ManiKillam" failures="0" tests="3" name="naukriprofile.Naukri_login" time="28.304" errors="0" timestamp="2022-10-08T20:03:30 IST" skipped="0">
  <testcase classname="naukriprofile.Naukri_login" name="open_browser" time="14.883"/>
  <system-out/>
  <testcase classname="naukriprofile.Naukri_login" name="login_naukri" time="10.649"/>
  <system-out/>
  <testcase classname="naukriprofile.Naukri_login" name="search" time="2.772"/>
  <system-out/>
</testsuite> <!-- naukriprofile.Naukri_login -->
